[INFO] Scanning for projects...
[INFO] 
[INFO] --------------------------< com.fkj:addrlist >--------------------------
[INFO] Building addrlist 0.0.1-SNAPSHOT
[INFO] --------------------------------[ jar ]---------------------------------
[INFO] 
[INFO] --- maven-dependency-plugin:2.8:tree (default-cli) @ addrlist ---
[INFO] com.fkj:addrlist:jar:0.0.1-SNAPSHOT
[INFO] +- org.springframework.cloud:spring-cloud-starter-eureka:jar:1.3.1.RELEASE:compile
[INFO] |  +- (org.springframework.boot:spring-boot-starter-web:jar:1.5.13.RELEASE:compile - version managed from 1.5.3.RELEASE; omitted for duplicate)
[INFO] |  +- org.springframework.cloud:spring-cloud-starter:jar:1.2.2.RELEASE:compile
[INFO] |  |  +- (org.springframework.boot:spring-boot-starter:jar:1.5.3.RELEASE:compile - omitted for conflict with 1.5.13.RELEASE)
[INFO] |  |  +- org.springframework.cloud:spring-cloud-context:jar:1.3.4.RELEASE:compile (version managed from 1.2.2.RELEASE)
[INFO] |  |  |  \- org.springframework.security:spring-security-crypto:jar:4.2.7.RELEASE:compile
[INFO] |  |  +- org.springframework.cloud:spring-cloud-commons:jar:1.3.4.RELEASE:compile (version managed from 1.2.2.RELEASE)
[INFO] |  |  |  +- (org.springframework.security:spring-security-crypto:jar:4.2.7.RELEASE:compile - omitted for duplicate)
[INFO] |  |  |  \- org.apache.httpcomponents:httpclient:jar:4.3.4:compile (version managed from 4.5.1)
[INFO] |  |  |     +- org.apache.httpcomponents:httpcore:jar:4.3.2:compile
[INFO] |  |  |     \- commons-codec:commons-codec:jar:1.6:compile
[INFO] |  |  \- org.springframework.security:spring-security-rsa:jar:1.0.3.RELEASE:compile
[INFO] |  |     \- org.bouncycastle:bcpkix-jdk15on:jar:1.55:compile
[INFO] |  |        \- org.bouncycastle:bcprov-jdk15on:jar:1.55:compile
[INFO] |  +- org.springframework.cloud:spring-cloud-netflix-core:jar:1.3.1.RELEASE:compile
[INFO] |  |  +- org.springframework.boot:spring-boot:jar:1.5.3.RELEASE:compile
[INFO] |  |  |  +- (org.springframework:spring-core:jar:4.3.8.RELEASE:compile - omitted for conflict with 4.3.17.RELEASE)
[INFO] |  |  |  \- (org.springframework:spring-context:jar:4.3.8.RELEASE:compile - omitted for conflict with 4.3.17.RELEASE)
[INFO] |  |  \- org.springframework.boot:spring-boot-autoconfigure:jar:1.5.13.RELEASE:compile
[INFO] |  |     \- (org.springframework.boot:spring-boot:jar:1.5.13.RELEASE:compile - omitted for conflict with 1.5.3.RELEASE)
[INFO] |  +- org.springframework.cloud:spring-cloud-netflix-eureka-client:jar:1.3.1.RELEASE:compile
[INFO] |  |  \- (org.springframework.cloud:spring-cloud-netflix-core:jar:1.3.1.RELEASE:compile - omitted for duplicate)
[INFO] |  +- com.netflix.eureka:eureka-client:jar:1.6.2:compile
[INFO] |  |  +- org.codehaus.jettison:jettison:jar:1.3.7:runtime
[INFO] |  |  |  \- stax:stax-api:jar:1.0.1:runtime
[INFO] |  |  +- com.netflix.netflix-commons:netflix-eventbus:jar:0.3.0:runtime
[INFO] |  |  |  +- (org.slf4j:slf4j-api:jar:1.7.25:compile - version managed from 1.6.4; scope updated from runtime; omitted for duplicate)
[INFO] |  |  |  +- com.netflix.netflix-commons:netflix-infix:jar:0.3.0:runtime
[INFO] |  |  |  |  +- (org.slf4j:slf4j-api:jar:1.7.25:compile - version managed from 1.6.4; scope updated from runtime; omitted for duplicate)
[INFO] |  |  |  |  +- commons-jxpath:commons-jxpath:jar:1.3:runtime
[INFO] |  |  |  |  +- (joda-time:joda-time:jar:2.3:runtime - omitted for conflict with 2.8.1)
[INFO] |  |  |  |  +- org.antlr:antlr-runtime:jar:3.4:runtime
[INFO] |  |  |  |  |  +- org.antlr:stringtemplate:jar:3.2.1:runtime
[INFO] |  |  |  |  |  |  \- (antlr:antlr:jar:2.7.7:runtime - omitted for duplicate)
[INFO] |  |  |  |  |  \- antlr:antlr:jar:2.7.7:runtime
[INFO] |  |  |  |  +- (com.google.guava:guava:jar:20.0:runtime - version managed from 16.0; omitted for duplicate)
[INFO] |  |  |  |  \- com.google.code.gson:gson:jar:2.1:runtime
[INFO] |  |  |  +- (com.netflix.servo:servo-core:jar:0.10.1:runtime - version managed from 0.5.3; omitted for duplicate)
[INFO] |  |  |  +- (com.netflix.archaius:archaius-core:jar:0.7.4:runtime - version managed from 0.7.3; omitted for duplicate)
[INFO] |  |  |  \- org.apache.commons:commons-math:jar:2.2:runtime
[INFO] |  |  +- (com.thoughtworks.xstream:xstream:jar:1.4.9:runtime - omitted for duplicate)
[INFO] |  |  +- (com.netflix.archaius:archaius-core:jar:0.7.4:compile - version managed from 0.7.3; scope updated from runtime; omitted for duplicate)
[INFO] |  |  +- javax.ws.rs:jsr311-api:jar:1.1.1:runtime
[INFO] |  |  +- com.netflix.servo:servo-core:jar:0.10.1:runtime
[INFO] |  |  |  +- (org.slf4j:slf4j-api:jar:1.7.25:compile - version managed from 1.7.12; scope updated from runtime; omitted for duplicate)
[INFO] |  |  |  +- (com.google.guava:guava:jar:20.0:runtime - version managed from 16.0.1; omitted for duplicate)
[INFO] |  |  |  \- com.netflix.servo:servo-internal:jar:0.10.1:runtime
[INFO] |  |  |     +- (org.slf4j:slf4j-api:jar:1.7.25:compile - version managed from 1.7.12; scope updated from runtime; omitted for duplicate)
[INFO] |  |  |     \- (com.google.guava:guava:jar:20.0:runtime - version managed from 16.0.1; omitted for duplicate)
[INFO] |  |  +- com.sun.jersey:jersey-core:jar:1.19.1:runtime
[INFO] |  |  |  \- (javax.ws.rs:jsr311-api:jar:1.1.1:runtime - omitted for duplicate)
[INFO] |  |  +- com.sun.jersey:jersey-client:jar:1.19.1:runtime
[INFO] |  |  |  \- (com.sun.jersey:jersey-core:jar:1.19.1:runtime - omitted for duplicate)
[INFO] |  |  +- com.sun.jersey.contribs:jersey-apache-client4:jar:1.19.1:runtime
[INFO] |  |  |  +- (org.apache.httpcomponents:httpclient:jar:4.3.4:runtime - version managed from 4.1.1; omitted for duplicate)
[INFO] |  |  |  \- (com.sun.jersey:jersey-client:jar:1.19.1:runtime - omitted for duplicate)
[INFO] |  |  +- (org.apache.httpcomponents:httpclient:jar:4.3.4:compile - version managed from 4.1.1; scope updated from runtime; omitted for duplicate)
[INFO] |  |  +- com.google.inject:guice:jar:4.1.0:runtime
[INFO] |  |  |  +- javax.inject:javax.inject:jar:1:runtime
[INFO] |  |  |  +- aopalliance:aopalliance:jar:1.0:runtime
[INFO] |  |  |  \- (com.google.guava:guava:jar:20.0:runtime - version managed from 19.0; omitted for duplicate)
[INFO] |  |  +- (com.fasterxml.jackson.core:jackson-annotations:jar:2.9.4:compile - version managed from 2.5.4; scope updated from runtime; omitted for duplicate)
[INFO] |  |  +- (com.fasterxml.jackson.core:jackson-core:jar:2.9.4:compile - version managed from 2.5.4; scope updated from runtime; omitted for duplicate)
[INFO] |  |  \- (com.fasterxml.jackson.core:jackson-databind:jar:2.9.4:runtime - version managed from 2.5.4; omitted for duplicate)
[INFO] |  +- com.netflix.eureka:eureka-core:jar:1.6.2:compile
[INFO] |  |  +- (com.netflix.eureka:eureka-client:jar:1.6.2:runtime - omitted for duplicate)
[INFO] |  |  +- com.amazonaws:aws-java-sdk-core:jar:1.11.125:runtime (version managed from 1.11.9)
[INFO] |  |  |  +- (org.apache.httpcomponents:httpclient:jar:4.3.4:runtime - version managed from 4.5.2; omitted for duplicate)
[INFO] |  |  |  +- software.amazon.ion:ion-java:jar:1.0.2:runtime
[INFO] |  |  |  +- (com.fasterxml.jackson.core:jackson-databind:jar:2.9.4:runtime - version managed from 2.6.6; omitted for duplicate)
[INFO] |  |  |  +- com.fasterxml.jackson.dataformat:jackson-dataformat-cbor:jar:2.6.6:runtime
[INFO] |  |  |  |  \- (com.fasterxml.jackson.core:jackson-core:jar:2.9.4:runtime - version managed from 2.6.6; omitted for duplicate)
[INFO] |  |  |  \- joda-time:joda-time:jar:2.8.1:runtime
[INFO] |  |  +- com.amazonaws:aws-java-sdk-ec2:jar:1.11.125:runtime (version managed from 1.11.9)
[INFO] |  |  |  +- (com.amazonaws:aws-java-sdk-core:jar:1.11.125:runtime - version managed from 1.11.9; omitted for duplicate)
[INFO] |  |  |  \- com.amazonaws:jmespath-java:jar:1.11.125:runtime
[INFO] |  |  |     \- (com.fasterxml.jackson.core:jackson-databind:jar:2.9.4:runtime - version managed from 2.6.6; omitted for duplicate)
[INFO] |  |  +- com.amazonaws:aws-java-sdk-autoscaling:jar:1.11.125:runtime (version managed from 1.11.9)
[INFO] |  |  |  +- (com.amazonaws:aws-java-sdk-core:jar:1.11.125:runtime - version managed from 1.11.9; omitted for duplicate)
[INFO] |  |  |  \- (com.amazonaws:jmespath-java:jar:1.11.125:runtime - omitted for duplicate)
[INFO] |  |  +- com.amazonaws:aws-java-sdk-sts:jar:1.11.125:runtime (version managed from 1.11.9)
[INFO] |  |  |  +- (com.amazonaws:aws-java-sdk-core:jar:1.11.125:runtime - version managed from 1.11.9; omitted for duplicate)
[INFO] |  |  |  \- (com.amazonaws:jmespath-java:jar:1.11.125:runtime - omitted for duplicate)
[INFO] |  |  +- com.amazonaws:aws-java-sdk-route53:jar:1.11.125:runtime (version managed from 1.11.9)
[INFO] |  |  |  +- (com.amazonaws:aws-java-sdk-core:jar:1.11.125:runtime - version managed from 1.11.9; omitted for duplicate)
[INFO] |  |  |  \- (com.amazonaws:jmespath-java:jar:1.11.125:runtime - omitted for duplicate)
[INFO] |  |  +- (com.thoughtworks.xstream:xstream:jar:1.4.9:runtime - omitted for duplicate)
[INFO] |  |  +- (javax.ws.rs:jsr311-api:jar:1.1.1:runtime - omitted for duplicate)
[INFO] |  |  \- org.codehaus.woodstox:woodstox-core-asl:jar:4.4.1:runtime
[INFO] |  |     +- javax.xml.stream:stax-api:jar:1.0-2:runtime
[INFO] |  |     \- org.codehaus.woodstox:stax2-api:jar:3.1.4:runtime
[INFO] |  +- org.springframework.cloud:spring-cloud-starter-archaius:jar:1.3.1.RELEASE:compile
[INFO] |  |  +- (org.springframework.cloud:spring-cloud-starter:jar:1.2.2.RELEASE:compile - omitted for duplicate)
[INFO] |  |  +- (org.springframework.cloud:spring-cloud-netflix-core:jar:1.3.1.RELEASE:compile - omitted for duplicate)
[INFO] |  |  +- com.netflix.archaius:archaius-core:jar:0.7.4:compile
[INFO] |  |  |  +- com.google.code.findbugs:jsr305:jar:3.0.1:runtime
[INFO] |  |  |  +- (commons-configuration:commons-configuration:jar:1.8:runtime - omitted for duplicate)
[INFO] |  |  |  +- (org.slf4j:slf4j-api:jar:1.7.25:compile - version managed from 1.6.4; scope updated from runtime; omitted for duplicate)
[INFO] |  |  |  +- (com.google.guava:guava:jar:20.0:runtime - version managed from 18.0; omitted for duplicate)
[INFO] |  |  |  +- (com.fasterxml.jackson.core:jackson-annotations:jar:2.9.4:runtime - version managed from 2.4.3; omitted for duplicate)
[INFO] |  |  |  +- (com.fasterxml.jackson.core:jackson-core:jar:2.9.4:runtime - version managed from 2.4.3; omitted for duplicate)
[INFO] |  |  |  \- (com.fasterxml.jackson.core:jackson-databind:jar:2.9.4:runtime - version managed from 2.4.3; omitted for duplicate)
[INFO] |  |  +- commons-configuration:commons-configuration:jar:1.8:compile
[INFO] |  |  |  \- commons-lang:commons-lang:jar:2.6:compile
[INFO] |  |  +- com.fasterxml.jackson.core:jackson-annotations:jar:2.9.4:compile
[INFO] |  |  +- (com.fasterxml.jackson.core:jackson-core:jar:2.9.4:compile - version managed from 2.7.4; omitted for duplicate)
[INFO] |  |  +- (com.fasterxml.jackson.core:jackson-databind:jar:2.9.4:compile - version managed from 2.8.8; omitted for duplicate)
[INFO] |  |  \- (com.google.guava:guava:jar:20.0:compile - version managed from 16.0.1; omitted for duplicate)
[INFO] |  +- org.springframework.cloud:spring-cloud-starter-ribbon:jar:1.4.5.RELEASE:compile (version managed from 1.3.1.RELEASE)
[INFO] |  |  \- org.springframework.cloud:spring-cloud-starter-netflix-ribbon:jar:1.4.5.RELEASE:compile
[INFO] |  |     +- (org.springframework.cloud:spring-cloud-starter:jar:1.2.2.RELEASE:compile - version managed from 1.3.4.RELEASE; omitted for duplicate)
[INFO] |  |     +- (org.springframework.cloud:spring-cloud-netflix-core:jar:1.3.1.RELEASE:compile - version managed from 1.4.5.RELEASE; omitted for duplicate)
[INFO] |  |     +- org.springframework.cloud:spring-cloud-starter-netflix-archaius:jar:1.4.5.RELEASE:compile
[INFO] |  |     |  +- (org.springframework.cloud:spring-cloud-starter:jar:1.2.2.RELEASE:compile - version managed from 1.3.4.RELEASE; omitted for duplicate)
[INFO] |  |     |  +- (org.springframework.cloud:spring-cloud-netflix-core:jar:1.3.1.RELEASE:compile - version managed from 1.4.5.RELEASE; omitted for duplicate)
[INFO] |  |     |  +- (com.netflix.archaius:archaius-core:jar:0.7.4:compile - version managed from 0.7.3; omitted for duplicate)
[INFO] |  |     |  +- (commons-configuration:commons-configuration:jar:1.8:compile - omitted for duplicate)
[INFO] |  |     |  +- (com.fasterxml.jackson.core:jackson-annotations:jar:2.9.4:compile - version managed from 2.8.0; omitted for duplicate)
[INFO] |  |     |  +- (com.fasterxml.jackson.core:jackson-core:jar:2.9.4:compile - version managed from 2.8.11; omitted for duplicate)
[INFO] |  |     |  +- (com.fasterxml.jackson.core:jackson-databind:jar:2.9.4:compile - version managed from 2.8.11.2; omitted for duplicate)
[INFO] |  |     |  \- (com.google.guava:guava:jar:20.0:compile - version managed from 18.0; omitted for duplicate)
[INFO] |  |     +- com.netflix.ribbon:ribbon:jar:2.2.2:compile (version managed from 2.2.5)
[INFO] |  |     |  +- (com.netflix.ribbon:ribbon-core:jar:2.2.2:runtime - version managed from 2.2.5; omitted for duplicate)
[INFO] |  |     |  +- com.netflix.ribbon:ribbon-transport:jar:2.2.2:runtime
[INFO] |  |     |  |  +- (com.netflix.ribbon:ribbon-core:jar:2.2.2:runtime - omitted for duplicate)
[INFO] |  |     |  |  +- (com.netflix.ribbon:ribbon-loadbalancer:jar:2.2.2:runtime - omitted for duplicate)
[INFO] |  |     |  |  +- (io.reactivex:rxjava:jar:1.1.10:runtime - version managed from 1.0.10; omitted for duplicate)
[INFO] |  |     |  |  +- (io.reactivex:rxnetty:jar:0.4.9:runtime - omitted for duplicate)
[INFO] |  |     |  |  +- io.reactivex:rxnetty-contexts:jar:0.4.9:runtime
[INFO] |  |     |  |  |  +- (io.reactivex:rxjava:jar:1.1.10:runtime - version managed from 1.0.10; omitted for duplicate)
[INFO] |  |     |  |  |  \- (io.reactivex:rxnetty:jar:0.4.9:runtime - omitted for duplicate)
[INFO] |  |     |  |  +- io.reactivex:rxnetty-servo:jar:0.4.9:runtime
[INFO] |  |     |  |  |  +- (io.reactivex:rxjava:jar:1.1.10:runtime - version managed from 1.0.10; omitted for duplicate)
[INFO] |  |     |  |  |  +- (io.reactivex:rxnetty:jar:0.4.9:runtime - omitted for duplicate)
[INFO] |  |     |  |  |  \- (com.netflix.servo:servo-core:jar:0.10.1:runtime - version managed from 0.7.5; omitted for duplicate)
[INFO] |  |     |  |  +- (javax.inject:javax.inject:jar:1:runtime - omitted for duplicate)
[INFO] |  |     |  |  +- (org.slf4j:slf4j-api:jar:1.7.25:runtime - version managed from 1.7.12; omitted for duplicate)
[INFO] |  |     |  |  +- (com.google.guava:guava:jar:20.0:runtime - version managed from 16.0.1; omitted for duplicate)
[INFO] |  |     |  |  \- (com.netflix.archaius:archaius-core:jar:0.7.4:runtime - version managed from 0.7.3; omitted for duplicate)
[INFO] |  |     |  +- (javax.inject:javax.inject:jar:1:runtime - omitted for duplicate)
[INFO] |  |     |  +- (io.reactivex:rxjava:jar:1.1.10:runtime - version managed from 1.2.0; omitted for duplicate)
[INFO] |  |     |  +- io.reactivex:rxnetty:jar:0.4.9:runtime
[INFO] |  |     |  |  +- (io.reactivex:rxjava:jar:1.1.10:runtime - version managed from 1.0.10; omitted for duplicate)
[INFO] |  |     |  |  +- (io.netty:netty-codec-http:jar:4.0.27.Final:runtime - omitted for conflict with 4.1.1.Final)
[INFO] |  |     |  |  +- (io.netty:netty-transport-native-epoll:jar:4.0.27.Final:runtime - omitted for conflict with 4.1.1.Final)
[INFO] |  |     |  |  \- (org.slf4j:slf4j-api:jar:1.7.25:runtime - version managed from 1.7.6; omitted for duplicate)
[INFO] |  |     |  +- (commons-configuration:commons-configuration:jar:1.8:runtime - omitted for duplicate)
[INFO] |  |     |  +- (com.google.guava:guava:jar:20.0:runtime - version managed from 16.0.1; omitted for duplicate)
[INFO] |  |     |  \- (com.netflix.archaius:archaius-core:jar:0.7.4:runtime - version managed from 0.7.3; omitted for duplicate)
[INFO] |  |     +- com.netflix.ribbon:ribbon-core:jar:2.2.2:compile
[INFO] |  |     |  +- (org.slf4j:slf4j-api:jar:1.7.25:compile - version managed from 1.6.4; scope updated from runtime; omitted for duplicate)
[INFO] |  |     |  +- (com.google.guava:guava:jar:20.0:runtime - version managed from 16.0; omitted for duplicate)
[INFO] |  |     |  +- (commons-configuration:commons-configuration:jar:1.8:runtime - omitted for duplicate)
[INFO] |  |     |  +- (commons-lang:commons-lang:jar:2.6:runtime - omitted for duplicate)
[INFO] |  |     |  \- (com.netflix.archaius:archaius-core:jar:0.7.4:runtime - version managed from 0.7.3; omitted for duplicate)
[INFO] |  |     +- com.netflix.ribbon:ribbon-httpclient:jar:2.2.2:compile (version managed from 2.2.5)
[INFO] |  |     |  +- (com.netflix.ribbon:ribbon-core:jar:2.2.2:runtime - version managed from 2.2.5; omitted for duplicate)
[INFO] |  |     |  +- (com.netflix.ribbon:ribbon-loadbalancer:jar:2.2.2:runtime - version managed from 2.2.5; omitted for duplicate)
[INFO] |  |     |  +- commons-collections:commons-collections:jar:3.2.1:runtime
[INFO] |  |     |  +- (org.apache.httpcomponents:httpclient:jar:4.3.4:runtime - version managed from 4.2.1; omitted for duplicate)
[INFO] |  |     |  +- (com.sun.jersey:jersey-client:jar:1.19.1:runtime - omitted for duplicate)
[INFO] |  |     |  +- (com.sun.jersey.contribs:jersey-apache-client4:jar:1.19.1:runtime - omitted for duplicate)
[INFO] |  |     |  +- (org.slf4j:slf4j-api:jar:1.7.25:compile - version managed from 1.7.12; scope updated from runtime; omitted for duplicate)
[INFO] |  |     |  +- (com.netflix.servo:servo-core:jar:0.10.1:runtime - version managed from 0.7.5; omitted for duplicate)
[INFO] |  |     |  +- (com.google.guava:guava:jar:20.0:runtime - version managed from 16.0.1; omitted for duplicate)
[INFO] |  |     |  +- (com.netflix.archaius:archaius-core:jar:0.7.4:runtime - version managed from 0.7.3; omitted for duplicate)
[INFO] |  |     |  \- com.netflix.netflix-commons:netflix-commons-util:jar:0.1.1:runtime
[INFO] |  |     |     \- (org.slf4j:slf4j-api:jar:1.7.25:runtime - version managed from 1.6.4; omitted for duplicate)
[INFO] |  |     +- com.netflix.ribbon:ribbon-loadbalancer:jar:2.2.2:compile
[INFO] |  |     |  +- (com.netflix.ribbon:ribbon-core:jar:2.2.2:runtime - version managed from 2.2.5; omitted for duplicate)
[INFO] |  |     |  +- com.netflix.netflix-commons:netflix-statistics:jar:0.1.1:runtime
[INFO] |  |     |  |  \- (org.slf4j:slf4j-api:jar:1.7.25:runtime - version managed from 1.6.4; omitted for duplicate)
[INFO] |  |     |  +- (io.reactivex:rxjava:jar:1.1.10:runtime - version managed from 1.0.9; omitted for duplicate)
[INFO] |  |     |  +- (org.slf4j:slf4j-api:jar:1.7.25:compile - version managed from 1.7.12; scope updated from runtime; omitted for duplicate)
[INFO] |  |     |  +- (com.netflix.servo:servo-core:jar:0.10.1:runtime - version managed from 0.7.5; omitted for duplicate)
[INFO] |  |     |  +- (com.google.guava:guava:jar:20.0:runtime - version managed from 16.0.1; omitted for duplicate)
[INFO] |  |     |  +- (com.netflix.archaius:archaius-core:jar:0.7.4:runtime - version managed from 0.7.3; omitted for duplicate)
[INFO] |  |     |  \- (com.netflix.netflix-commons:netflix-commons-util:jar:0.1.1:runtime - omitted for duplicate)
[INFO] |  |     \- io.reactivex:rxjava:jar:1.1.10:compile
[INFO] |  +- com.netflix.ribbon:ribbon-eureka:jar:2.2.2:compile
[INFO] |  |  +- (com.netflix.ribbon:ribbon-core:jar:2.2.2:compile - version managed from 2.2.5; scope updated from runtime; omitted for duplicate)
[INFO] |  |  +- (com.netflix.ribbon:ribbon-loadbalancer:jar:2.2.2:compile - version managed from 2.2.5; scope updated from runtime; omitted for duplicate)
[INFO] |  |  +- (com.netflix.eureka:eureka-client:jar:1.6.2:runtime - version managed from 1.4.6; omitted for duplicate)
[INFO] |  |  +- (org.slf4j:slf4j-api:jar:1.7.25:compile - version managed from 1.7.12; scope updated from runtime; omitted for duplicate)
[INFO] |  |  \- (com.netflix.archaius:archaius-core:jar:0.7.4:runtime - version managed from 0.7.3; omitted for duplicate)
[INFO] |  \- com.thoughtworks.xstream:xstream:jar:1.4.9:compile
[INFO] |     +- xmlpull:xmlpull:jar:1.1.3.1:compile
[INFO] |     \- xpp3:xpp3_min:jar:1.1.4c:compile
[INFO] +- org.springframework.boot:spring-boot-starter-jdbc:jar:1.5.13.RELEASE:compile
[INFO] |  +- org.springframework.boot:spring-boot-starter:jar:1.5.13.RELEASE:compile
[INFO] |  |  +- (org.springframework.boot:spring-boot:jar:1.5.13.RELEASE:compile - omitted for conflict with 1.5.3.RELEASE)
[INFO] |  |  +- (org.springframework.boot:spring-boot-autoconfigure:jar:1.5.13.RELEASE:compile - version managed from 1.5.3.RELEASE; omitted for duplicate)
[INFO] |  |  +- org.springframework.boot:spring-boot-starter-logging:jar:1.5.13.RELEASE:compile
[INFO] |  |  |  +- ch.qos.logback:logback-classic:jar:1.1.11:compile
[INFO] |  |  |  |  \- ch.qos.logback:logback-core:jar:1.1.11:compile
[INFO] |  |  |  +- org.slf4j:jcl-over-slf4j:jar:1.7.25:compile
[INFO] |  |  |  |  \- (org.slf4j:slf4j-api:jar:1.7.25:compile - version managed from 1.7.21; omitted for duplicate)
[INFO] |  |  |  +- org.slf4j:jul-to-slf4j:jar:1.7.25:compile
[INFO] |  |  |  |  \- (org.slf4j:slf4j-api:jar:1.7.25:compile - version managed from 1.7.12; omitted for duplicate)
[INFO] |  |  |  \- org.slf4j:log4j-over-slf4j:jar:1.7.25:compile
[INFO] |  |  |     \- (org.slf4j:slf4j-api:jar:1.7.25:compile - version managed from 1.7.12; omitted for duplicate)
[INFO] |  |  +- org.springframework:spring-core:jar:4.3.17.RELEASE:compile
[INFO] |  |  \- org.yaml:snakeyaml:jar:1.17:runtime
[INFO] |  +- org.apache.tomcat:tomcat-jdbc:jar:8.5.31:compile
[INFO] |  |  \- org.apache.tomcat:tomcat-juli:jar:8.5.31:compile
[INFO] |  \- org.springframework:spring-jdbc:jar:4.3.17.RELEASE:compile
[INFO] |     +- org.springframework:spring-beans:jar:4.3.17.RELEASE:compile
[INFO] |     |  \- (org.springframework:spring-core:jar:4.3.17.RELEASE:compile - omitted for duplicate)
[INFO] |     +- (org.springframework:spring-core:jar:4.3.17.RELEASE:compile - omitted for duplicate)
[INFO] |     \- org.springframework:spring-tx:jar:4.3.17.RELEASE:compile
[INFO] |        +- (org.springframework:spring-beans:jar:4.3.17.RELEASE:compile - omitted for duplicate)
[INFO] |        \- (org.springframework:spring-core:jar:4.3.17.RELEASE:compile - omitted for duplicate)
[INFO] +- org.springframework.boot:spring-boot-starter-web:jar:1.5.13.RELEASE:compile
[INFO] |  +- (org.springframework.boot:spring-boot-starter:jar:1.5.13.RELEASE:compile - omitted for duplicate)
[INFO] |  +- org.springframework.boot:spring-boot-starter-tomcat:jar:1.5.13.RELEASE:compile
[INFO] |  |  +- org.apache.tomcat.embed:tomcat-embed-core:jar:8.5.31:compile
[INFO] |  |  |  \- org.apache.tomcat:tomcat-annotations-api:jar:8.5.31:compile
[INFO] |  |  +- org.apache.tomcat.embed:tomcat-embed-el:jar:8.5.31:compile
[INFO] |  |  \- org.apache.tomcat.embed:tomcat-embed-websocket:jar:8.5.31:compile
[INFO] |  |     \- (org.apache.tomcat.embed:tomcat-embed-core:jar:8.5.31:compile - omitted for duplicate)
[INFO] |  +- org.hibernate:hibernate-validator:jar:5.3.6.Final:compile
[INFO] |  |  +- javax.validation:validation-api:jar:1.1.0.Final:compile
[INFO] |  |  +- org.jboss.logging:jboss-logging:jar:3.3.0.Final:compile
[INFO] |  |  \- (com.fasterxml:classmate:jar:1.3.1:compile - omitted for conflict with 1.3.4)
[INFO] |  +- com.fasterxml.jackson.core:jackson-databind:jar:2.9.4:compile (version managed from 2.8.11.1)
[INFO] |  |  +- (com.fasterxml.jackson.core:jackson-annotations:jar:2.9.4:compile - version managed from 2.9.0; omitted for duplicate)
[INFO] |  |  \- (com.fasterxml.jackson.core:jackson-core:jar:2.9.4:compile - version managed from 2.8.11; omitted for duplicate)
[INFO] |  +- org.springframework:spring-web:jar:4.3.17.RELEASE:compile
[INFO] |  |  +- org.springframework:spring-aop:jar:4.3.17.RELEASE:compile
[INFO] |  |  |  +- (org.springframework:spring-beans:jar:4.3.17.RELEASE:compile - omitted for duplicate)
[INFO] |  |  |  \- (org.springframework:spring-core:jar:4.3.17.RELEASE:compile - omitted for duplicate)
[INFO] |  |  +- (org.springframework:spring-beans:jar:4.3.17.RELEASE:compile - omitted for duplicate)
[INFO] |  |  +- org.springframework:spring-context:jar:4.3.17.RELEASE:compile
[INFO] |  |  |  +- (org.springframework:spring-aop:jar:4.3.17.RELEASE:compile - omitted for duplicate)
[INFO] |  |  |  +- (org.springframework:spring-beans:jar:4.3.17.RELEASE:compile - omitted for duplicate)
[INFO] |  |  |  +- (org.springframework:spring-core:jar:4.3.17.RELEASE:compile - omitted for duplicate)
[INFO] |  |  |  \- (org.springframework:spring-expression:jar:4.3.17.RELEASE:compile - omitted for duplicate)
[INFO] |  |  \- (org.springframework:spring-core:jar:4.3.17.RELEASE:compile - omitted for duplicate)
[INFO] |  \- org.springframework:spring-webmvc:jar:4.3.17.RELEASE:compile
[INFO] |     +- (org.springframework:spring-aop:jar:4.3.17.RELEASE:compile - omitted for duplicate)
[INFO] |     +- (org.springframework:spring-beans:jar:4.3.17.RELEASE:compile - omitted for duplicate)
[INFO] |     +- (org.springframework:spring-context:jar:4.3.17.RELEASE:compile - omitted for duplicate)
[INFO] |     +- (org.springframework:spring-core:jar:4.3.17.RELEASE:compile - omitted for duplicate)
[INFO] |     +- org.springframework:spring-expression:jar:4.3.17.RELEASE:compile
[INFO] |     |  \- (org.springframework:spring-core:jar:4.3.17.RELEASE:compile - omitted for duplicate)
[INFO] |     \- (org.springframework:spring-web:jar:4.3.17.RELEASE:compile - omitted for duplicate)
[INFO] +- org.mybatis.spring.boot:mybatis-spring-boot-starter:jar:1.3.2:compile
[INFO] |  +- (org.springframework.boot:spring-boot-starter-jdbc:jar:1.5.13.RELEASE:compile - version managed from 1.5.10.RELEASE; omitted for duplicate)
[INFO] |  +- org.mybatis.spring.boot:mybatis-spring-boot-autoconfigure:jar:1.3.2:compile
[INFO] |  |  \- (org.springframework.boot:spring-boot-autoconfigure:jar:1.5.13.RELEASE:compile - version managed from 1.5.10.RELEASE; omitted for duplicate)
[INFO] |  +- org.mybatis:mybatis:jar:3.4.6:compile
[INFO] |  \- org.mybatis:mybatis-spring:jar:1.3.2:compile
[INFO] +- org.springframework.kafka:spring-kafka:jar:1.1.1.RELEASE:compile
[INFO] |  +- org.springframework:spring-messaging:jar:4.3.3.RELEASE:compile
[INFO] |  |  +- (org.springframework:spring-beans:jar:4.3.3.RELEASE:compile - omitted for conflict with 4.3.17.RELEASE)
[INFO] |  |  +- (org.springframework:spring-context:jar:4.3.3.RELEASE:compile - omitted for conflict with 4.3.17.RELEASE)
[INFO] |  |  \- (org.springframework:spring-core:jar:4.3.3.RELEASE:compile - omitted for conflict with 4.3.17.RELEASE)
[INFO] |  +- org.springframework.retry:spring-retry:jar:1.1.3.RELEASE:compile
[INFO] |  |  \- (org.springframework:spring-core:jar:4.0.4.RELEASE:compile - omitted for conflict with 4.3.17.RELEASE)
[INFO] |  \- org.apache.kafka:kafka-clients:jar:0.10.0.1:compile
[INFO] |     +- net.jpountz.lz4:lz4:jar:1.3.0:compile
[INFO] |     \- org.xerial.snappy:snappy-java:jar:1.1.2.6:compile
[INFO] +- mysql:mysql-connector-java:jar:5.1.32:runtime (scope not updated to compile)
[INFO] +- com.glch.fkj398:msgservice:jar:0.5.0.190516:compile
[INFO] |  +- (org.springframework.boot:spring-boot-starter-web:jar:1.5.13.RELEASE:compile - version managed from 1.5.3.RELEASE; omitted for duplicate)
[INFO] |  +- (com.corundumstudio.socketio:netty-socketio:jar:1.7.11:compile - version managed from 1.7.16; omitted for duplicate)
[INFO] |  +- io.netty:netty-all:jar:4.1.31.Final:compile
[INFO] |  +- org.apache.commons:commons-lang3:jar:3.5:compile (version managed from 3.4)
[INFO] |  +- (io.springfox:springfox-swagger2:jar:2.9.1:compile - version managed from 2.9.2; omitted for conflict with 2.8.0)
[INFO] |  +- (io.springfox:springfox-swagger-ui:jar:2.9.1:compile - version managed from 2.9.2; omitted for conflict with 2.8.0)
[INFO] |  +- (org.projectlombok:lombok:jar:1.16.16:provided - version managed from 1.16.20; scope managed from compile; omitted for conflict with 1.18.0)
[INFO] |  +- (com.alibaba:fastjson:jar:1.2.38:compile - omitted for conflict with 1.2.7)
[INFO] |  +- org.xerial:sqlite-jdbc:jar:3.21.0.1:compile
[INFO] |  +- (org.mybatis.spring.boot:mybatis-spring-boot-starter:jar:1.3.2:compile - version managed from 1.3.0; omitted for duplicate)
[INFO] |  \- (mysql:mysql-connector-java:jar:5.1.32:compile - version managed from 5.1.46; omitted for duplicate)
[INFO] +- org.springframework.boot:spring-boot-starter-test:jar:1.5.13.RELEASE:test
[INFO] |  +- org.springframework.boot:spring-boot-test:jar:1.5.13.RELEASE:test
[INFO] |  |  \- (org.springframework.boot:spring-boot:jar:1.5.13.RELEASE:test - omitted for conflict with 1.5.3.RELEASE)
[INFO] |  +- org.springframework.boot:spring-boot-test-autoconfigure:jar:1.5.13.RELEASE:test
[INFO] |  |  +- (org.springframework.boot:spring-boot-test:jar:1.5.13.RELEASE:test - omitted for duplicate)
[INFO] |  |  \- (org.springframework.boot:spring-boot-autoconfigure:jar:1.5.13.RELEASE:test - version managed from 1.5.10.RELEASE; omitted for duplicate)
[INFO] |  +- com.jayway.jsonpath:json-path:jar:2.2.0:test
[INFO] |  |  +- net.minidev:json-smart:jar:2.2.1:test
[INFO] |  |  |  \- net.minidev:accessors-smart:jar:1.1:test
[INFO] |  |  |     \- org.ow2.asm:asm:jar:5.0.3:test
[INFO] |  |  \- (org.slf4j:slf4j-api:jar:1.7.25:test - version managed from 1.7.16; omitted for duplicate)
[INFO] |  +- (junit:junit:jar:4.12:test - omitted for duplicate)
[INFO] |  +- org.assertj:assertj-core:jar:2.6.0:test
[INFO] |  +- org.mockito:mockito-core:jar:1.10.19:test
[INFO] |  |  +- (org.hamcrest:hamcrest-core:jar:1.1:test - omitted for conflict with 1.3)
[INFO] |  |  \- org.objenesis:objenesis:jar:2.1:test
[INFO] |  +- org.hamcrest:hamcrest-core:jar:1.3:test
[INFO] |  +- org.hamcrest:hamcrest-library:jar:1.3:test
[INFO] |  |  \- (org.hamcrest:hamcrest-core:jar:1.3:test - omitted for duplicate)
[INFO] |  +- org.skyscreamer:jsonassert:jar:1.4.0:test
[INFO] |  |  \- com.vaadin.external.google:android-json:jar:0.0.20131108.vaadin1:test
[INFO] |  +- (org.springframework:spring-core:jar:4.3.17.RELEASE:compile - scope updated from test; omitted for duplicate)
[INFO] |  \- org.springframework:spring-test:jar:4.3.17.RELEASE:test
[INFO] |     \- (org.springframework:spring-core:jar:4.3.17.RELEASE:test - omitted for duplicate)
[INFO] +- io.springfox:springfox-swagger2:jar:2.8.0:compile
[INFO] |  +- io.swagger:swagger-annotations:jar:1.5.14:compile
[INFO] |  +- io.swagger:swagger-models:jar:1.5.14:compile
[INFO] |  |  +- (com.fasterxml.jackson.core:jackson-annotations:jar:2.9.4:compile - version managed from 2.8.7; omitted for duplicate)
[INFO] |  |  +- (org.slf4j:slf4j-api:jar:1.7.25:compile - version managed from 1.7.22; omitted for duplicate)
[INFO] |  |  \- (io.swagger:swagger-annotations:jar:1.5.14:compile - omitted for duplicate)
[INFO] |  +- io.springfox:springfox-spi:jar:2.8.0:compile
[INFO] |  |  \- io.springfox:springfox-core:jar:2.8.0:compile
[INFO] |  |     +- net.bytebuddy:byte-buddy:jar:1.7.9:compile
[INFO] |  |     +- (com.google.guava:guava:jar:20.0:compile - version managed from 16.0.1; omitted for duplicate)
[INFO] |  |     +- (com.fasterxml:classmate:jar:1.3.4:compile - omitted for conflict with 1.3.1)
[INFO] |  |     +- (org.slf4j:slf4j-api:jar:1.7.25:compile - version managed from 1.7.24; omitted for duplicate)
[INFO] |  |     +- (org.springframework.plugin:spring-plugin-core:jar:1.2.0.RELEASE:compile - omitted for duplicate)
[INFO] |  |     \- (org.springframework.plugin:spring-plugin-metadata:jar:1.2.0.RELEASE:compile - omitted for duplicate)
[INFO] |  +- io.springfox:springfox-schema:jar:2.8.0:compile
[INFO] |  |  +- (io.springfox:springfox-core:jar:2.8.0:compile - omitted for duplicate)
[INFO] |  |  \- (io.springfox:springfox-spi:jar:2.8.0:compile - omitted for duplicate)
[INFO] |  +- io.springfox:springfox-swagger-common:jar:2.8.0:compile
[INFO] |  |  +- (io.swagger:swagger-annotations:jar:1.5.14:compile - omitted for duplicate)
[INFO] |  |  +- (io.swagger:swagger-models:jar:1.5.14:compile - omitted for duplicate)
[INFO] |  |  +- (io.springfox:springfox-spi:jar:2.8.0:compile - omitted for duplicate)
[INFO] |  |  +- (io.springfox:springfox-schema:jar:2.8.0:compile - omitted for duplicate)
[INFO] |  |  +- (io.springfox:springfox-spring-web:jar:2.8.0:compile - omitted for duplicate)
[INFO] |  |  +- (com.google.guava:guava:jar:20.0:compile - version managed from 16.0.1; omitted for duplicate)
[INFO] |  |  +- (com.fasterxml:classmate:jar:1.3.4:compile - omitted for conflict with 1.3.1)
[INFO] |  |  +- (org.slf4j:slf4j-api:jar:1.7.25:compile - version managed from 1.7.24; omitted for duplicate)
[INFO] |  |  +- (org.springframework.plugin:spring-plugin-core:jar:1.2.0.RELEASE:compile - omitted for duplicate)
[INFO] |  |  \- (org.springframework.plugin:spring-plugin-metadata:jar:1.2.0.RELEASE:compile - omitted for duplicate)
[INFO] |  +- io.springfox:springfox-spring-web:jar:2.8.0:compile
[INFO] |  |  +- org.reflections:reflections:jar:0.9.11:compile
[INFO] |  |  |  +- (com.google.guava:guava:jar:20.0:compile - version managed from 16.0.1; omitted for duplicate)
[INFO] |  |  |  \- org.javassist:javassist:jar:3.21.0-GA:compile
[INFO] |  |  +- (com.google.guava:guava:jar:20.0:compile - version managed from 16.0.1; omitted for duplicate)
[INFO] |  |  +- (com.fasterxml:classmate:jar:1.3.4:compile - omitted for conflict with 1.3.1)
[INFO] |  |  +- (org.slf4j:slf4j-api:jar:1.7.25:compile - version managed from 1.7.24; omitted for duplicate)
[INFO] |  |  +- (org.springframework.plugin:spring-plugin-core:jar:1.2.0.RELEASE:compile - omitted for duplicate)
[INFO] |  |  +- (org.springframework.plugin:spring-plugin-metadata:jar:1.2.0.RELEASE:compile - omitted for duplicate)
[INFO] |  |  \- (io.springfox:springfox-spi:jar:2.8.0:compile - omitted for duplicate)
[INFO] |  +- com.google.guava:guava:jar:20.0:compile
[INFO] |  +- com.fasterxml:classmate:jar:1.3.4:compile
[INFO] |  +- org.slf4j:slf4j-api:jar:1.7.25:compile
[INFO] |  +- org.springframework.plugin:spring-plugin-core:jar:1.2.0.RELEASE:compile
[INFO] |  |  +- (org.springframework:spring-beans:jar:4.0.9.RELEASE:compile - omitted for conflict with 4.3.17.RELEASE)
[INFO] |  |  \- (org.slf4j:slf4j-api:jar:1.7.25:compile - version managed from 1.7.10; omitted for duplicate)
[INFO] |  +- org.springframework.plugin:spring-plugin-metadata:jar:1.2.0.RELEASE:compile
[INFO] |  |  +- (org.springframework.plugin:spring-plugin-core:jar:1.2.0.RELEASE:compile - omitted for duplicate)
[INFO] |  |  \- (org.slf4j:slf4j-api:jar:1.7.25:compile - version managed from 1.7.10; omitted for duplicate)
[INFO] |  \- org.mapstruct:mapstruct:jar:1.2.0.Final:compile
[INFO] +- io.springfox:springfox-swagger-ui:jar:2.8.0:compile
[INFO] |  \- (io.springfox:springfox-spring-web:jar:2.8.0:compile - omitted for duplicate)
[INFO] +- com.alibaba:fastjson:jar:1.2.7:compile
[INFO] +- commons-io:commons-io:jar:2.6:compile
[INFO] +- org.projectlombok:lombok:jar:1.18.0:provided
[INFO] +- com.glch.fkj398:vmfclient:jar:0.4.5:compile
[INFO] +- com.corundumstudio.socketio:netty-socketio:jar:1.7.11:compile
[INFO] |  +- io.netty:netty-buffer:jar:4.1.1.Final:compile
[INFO] |  |  \- (io.netty:netty-common:jar:4.1.1.Final:compile - omitted for duplicate)
[INFO] |  +- io.netty:netty-common:jar:4.1.1.Final:compile
[INFO] |  +- io.netty:netty-transport:jar:4.1.1.Final:compile
[INFO] |  |  +- (io.netty:netty-buffer:jar:4.1.1.Final:compile - omitted for duplicate)
[INFO] |  |  \- io.netty:netty-resolver:jar:4.1.1.Final:compile
[INFO] |  |     \- (io.netty:netty-common:jar:4.1.1.Final:compile - omitted for duplicate)
[INFO] |  +- io.netty:netty-handler:jar:4.1.1.Final:compile
[INFO] |  |  +- (io.netty:netty-buffer:jar:4.1.1.Final:compile - omitted for duplicate)
[INFO] |  |  +- (io.netty:netty-transport:jar:4.1.1.Final:compile - omitted for duplicate)
[INFO] |  |  \- (io.netty:netty-codec:jar:4.1.1.Final:compile - omitted for duplicate)
[INFO] |  +- io.netty:netty-codec-http:jar:4.1.1.Final:compile
[INFO] |  |  \- (io.netty:netty-codec:jar:4.1.1.Final:compile - omitted for duplicate)
[INFO] |  +- io.netty:netty-codec:jar:4.1.1.Final:compile
[INFO] |  |  \- (io.netty:netty-transport:jar:4.1.1.Final:compile - omitted for duplicate)
[INFO] |  +- io.netty:netty-transport-native-epoll:jar:4.1.1.Final:compile
[INFO] |  |  +- (io.netty:netty-common:jar:4.1.1.Final:compile - omitted for duplicate)
[INFO] |  |  +- (io.netty:netty-buffer:jar:4.1.1.Final:compile - omitted for duplicate)
[INFO] |  |  \- (io.netty:netty-transport:jar:4.1.1.Final:compile - omitted for duplicate)
[INFO] |  +- (org.slf4j:slf4j-api:jar:1.7.25:compile - version managed from 1.7.21; omitted for duplicate)
[INFO] |  +- com.fasterxml.jackson.core:jackson-core:jar:2.9.4:compile
[INFO] |  \- (com.fasterxml.jackson.core:jackson-databind:jar:2.9.4:compile - version managed from 2.7.4; omitted for duplicate)
[INFO] +- junit:junit:jar:4.12:test
[INFO] |  \- (org.hamcrest:hamcrest-core:jar:1.3:test - omitted for duplicate)
[INFO] \- net.logstash.logback:logstash-logback-encoder:jar:5.2:runtime
[INFO]    \- (com.fasterxml.jackson.core:jackson-databind:jar:2.9.4:runtime - version managed from 2.9.6; omitted for duplicate)
[INFO] ------------------------------------------------------------------------
[INFO] BUILD SUCCESS
[INFO] ------------------------------------------------------------------------
[INFO] Total time:  3.501 s
[INFO] Finished at: 2019-07-02T15:44:52+08:00
[INFO] ------------------------------------------------------------------------
